f:\__temp\vswitchd\debug\ovs-vswitchd.pdb
f:\__temp\vswitchd\ovs-vswitchd.dir\debug\xenserver.obj
f:\__temp\vswitchd\ovs-vswitchd.dir\debug\system-stats.obj
f:\__temp\vswitchd\ovs-vswitchd.dir\debug\bridge.obj
f:\__temp\vswitchd\ovs-vswitchd.dir\debug\ovs-vswitchd.obj
f:\__temp\vswitchd\cmakefiles\generate.stamp
f:\__temp\vswitchd\debug\ovs-vswitchd.ilk
f:\__temp\vswitchd\debug\ovs-vswitchd.exe
f:\__temp\vswitchd\debug\ovs-vswitchd.lib
f:\__temp\vswitchd\debug\ovs-vswitchd.exp
f:\_1\vswitchd\ovs-vswitchd.dir\debug\bridge.obj
f:\_1\vswitchd\ovs-vswitchd.dir\debug\ovs-vswitchd.obj
f:\_1\vswitchd\ovs-vswitchd.dir\debug\system-stats.obj
f:\_1\vswitchd\ovs-vswitchd.dir\debug\xenserver.obj
f:\_1\vswitchd\debug\ovs-vswitchd.pdb
f:\_1\vswitchd\debug\ovs-vswitchd.exe
f:\_1\vswitchd\debug\ovs-vswitchd.ilk
f:\_1\vswitchd\ovs-vswitchd.dir\debug\ovs-vswitchd.tlog\cl.command.1.tlog
f:\_1\vswitchd\ovs-vswitchd.dir\debug\ovs-vswitchd.tlog\cl.read.1.tlog
f:\_1\vswitchd\ovs-vswitchd.dir\debug\ovs-vswitchd.tlog\cl.write.1.tlog
f:\_1\vswitchd\ovs-vswitchd.dir\debug\ovs-vswitchd.tlog\custombuild.command.1.tlog
f:\_1\vswitchd\ovs-vswitchd.dir\debug\ovs-vswitchd.tlog\custombuild.read.1.tlog
f:\_1\vswitchd\ovs-vswitchd.dir\debug\ovs-vswitchd.tlog\custombuild.write.1.tlog
f:\_1\vswitchd\ovs-vswitchd.dir\debug\ovs-vswitchd.tlog\link.command.1.tlog
f:\_1\vswitchd\ovs-vswitchd.dir\debug\ovs-vswitchd.tlog\link.read.1.tlog
f:\_1\vswitchd\ovs-vswitchd.dir\debug\ovs-vswitchd.tlog\link.write.1.tlog
f:\_1\vswitchd\ovs-vswitchd.dir\debug\ovs-vswitchd.tlog\ovs-vswitchd.write.1u.tlog
