f:\__temp\ovsdb\debug\ovsdb.pdb
f:\__temp\ovsdb\ovsdb.dir\debug\trigger.obj
f:\__temp\ovsdb\ovsdb.dir\debug\transaction.obj
f:\__temp\ovsdb\ovsdb.dir\debug\table.obj
f:\__temp\ovsdb\ovsdb.dir\debug\server.obj
f:\__temp\ovsdb\ovsdb.dir\debug\row.obj
f:\__temp\ovsdb\ovsdb.dir\debug\query.obj
f:\__temp\ovsdb\ovsdb.dir\debug\ovsdb-server.obj
f:\__temp\ovsdb\ovsdb.dir\debug\ovsdb.obj
f:\__temp\ovsdb\ovsdb.dir\debug\mutation.obj
f:\__temp\ovsdb\ovsdb.dir\debug\log.obj
f:\__temp\ovsdb\ovsdb.dir\debug\jsonrpc-server.obj
f:\__temp\ovsdb\ovsdb.dir\debug\file.obj
f:\__temp\ovsdb\ovsdb.dir\debug\execution.obj
f:\__temp\ovsdb\ovsdb.dir\debug\condition.obj
f:\__temp\ovsdb\ovsdb.dir\debug\column.obj
f:\__temp\ovsdb\cmakefiles\generate.stamp
f:\__temp\ovsdb\debug\ovsdb.lib
f:\_1\ovsdb\ovsdb.dir\debug\column.obj
f:\_1\ovsdb\ovsdb.dir\debug\condition.obj
f:\_1\ovsdb\ovsdb.dir\debug\execution.obj
f:\_1\ovsdb\ovsdb.dir\debug\file.obj
f:\_1\ovsdb\ovsdb.dir\debug\jsonrpc-server.obj
f:\_1\ovsdb\ovsdb.dir\debug\log.obj
f:\_1\ovsdb\ovsdb.dir\debug\mutation.obj
f:\_1\ovsdb\ovsdb.dir\debug\ovsdb-server.obj
f:\_1\ovsdb\ovsdb.dir\debug\ovsdb.obj
f:\_1\ovsdb\ovsdb.dir\debug\query.obj
f:\_1\ovsdb\ovsdb.dir\debug\row.obj
f:\_1\ovsdb\ovsdb.dir\debug\server.obj
f:\_1\ovsdb\ovsdb.dir\debug\table.obj
f:\_1\ovsdb\ovsdb.dir\debug\transaction.obj
f:\_1\ovsdb\ovsdb.dir\debug\trigger.obj
f:\_1\ovsdb\debug\ovsdb.pdb
f:\_1\ovsdb\debug\ovsdb.lib
f:\_1\ovsdb\ovsdb.dir\debug\ovsdb.tlog\cl.command.1.tlog
f:\_1\ovsdb\ovsdb.dir\debug\ovsdb.tlog\cl.read.1.tlog
f:\_1\ovsdb\ovsdb.dir\debug\ovsdb.tlog\cl.write.1.tlog
f:\_1\ovsdb\ovsdb.dir\debug\ovsdb.tlog\custombuild.command.1.tlog
f:\_1\ovsdb\ovsdb.dir\debug\ovsdb.tlog\custombuild.read.1.tlog
f:\_1\ovsdb\ovsdb.dir\debug\ovsdb.tlog\custombuild.write.1.tlog
f:\_1\ovsdb\ovsdb.dir\debug\ovsdb.tlog\lib-link.read.1.tlog
f:\_1\ovsdb\ovsdb.dir\debug\ovsdb.tlog\lib-link.write.1.tlog
f:\_1\ovsdb\ovsdb.dir\debug\ovsdb.tlog\lib.command.1.tlog
