f:\__temp\utilities\debug\ovs-dpctl.pdb
f:\__temp\utilities\ovs-dpctl.dir\debug\ovs-dpctl.obj
f:\__temp\utilities\cmakefiles\generate.stamp
f:\__temp\utilities\debug\ovs-dpctl.ilk
f:\__temp\utilities\debug\ovs-dpctl.exe
f:\__temp\utilities\debug\ovs-dpctl.lib
f:\__temp\utilities\debug\ovs-dpctl.exp
f:\_1\utilities\ovs-dpctl.dir\debug\ovs-dpctl.obj
f:\_1\utilities\debug\ovs-dpctl.pdb
f:\_1\utilities\debug\ovs-dpctl.exe
f:\_1\utilities\debug\ovs-dpctl.ilk
f:\_1\utilities\ovs-dpctl.dir\debug\ovs-dpctl.tlog\cl.command.1.tlog
f:\_1\utilities\ovs-dpctl.dir\debug\ovs-dpctl.tlog\cl.read.1.tlog
f:\_1\utilities\ovs-dpctl.dir\debug\ovs-dpctl.tlog\cl.write.1.tlog
f:\_1\utilities\ovs-dpctl.dir\debug\ovs-dpctl.tlog\custombuild.command.1.tlog
f:\_1\utilities\ovs-dpctl.dir\debug\ovs-dpctl.tlog\custombuild.read.1.tlog
f:\_1\utilities\ovs-dpctl.dir\debug\ovs-dpctl.tlog\custombuild.write.1.tlog
f:\_1\utilities\ovs-dpctl.dir\debug\ovs-dpctl.tlog\link.command.1.tlog
f:\_1\utilities\ovs-dpctl.dir\debug\ovs-dpctl.tlog\link.read.1.tlog
f:\_1\utilities\ovs-dpctl.dir\debug\ovs-dpctl.tlog\link.write.1.tlog
f:\_1\utilities\ovs-dpctl.dir\debug\ovs-dpctl.tlog\ovs-dpctl.write.1u.tlog
