f:\__temp\lib\debug\sflow.pdb
f:\__temp\lib\sflow.dir\debug\sflow_sampler.obj
f:\__temp\lib\sflow.dir\debug\sflow_receiver.obj
f:\__temp\lib\sflow.dir\debug\sflow_poller.obj
f:\__temp\lib\sflow.dir\debug\sflow_agent.obj
f:\__temp\lib\cmakefiles\generate.stamp
f:\__temp\lib\debug\sflow.lib
f:\_1\lib\sflow.dir\debug\sflow_agent.obj
f:\_1\lib\sflow.dir\debug\sflow_poller.obj
f:\_1\lib\sflow.dir\debug\sflow_receiver.obj
f:\_1\lib\sflow.dir\debug\sflow_sampler.obj
f:\_1\lib\debug\sflow.pdb
f:\_1\lib\debug\sflow.lib
f:\_1\lib\sflow.dir\debug\sflow.tlog\cl.command.1.tlog
f:\_1\lib\sflow.dir\debug\sflow.tlog\cl.read.1.tlog
f:\_1\lib\sflow.dir\debug\sflow.tlog\cl.write.1.tlog
f:\_1\lib\sflow.dir\debug\sflow.tlog\custombuild.command.1.tlog
f:\_1\lib\sflow.dir\debug\sflow.tlog\custombuild.read.1.tlog
f:\_1\lib\sflow.dir\debug\sflow.tlog\custombuild.write.1.tlog
f:\_1\lib\sflow.dir\debug\sflow.tlog\lib-link.read.1.tlog
f:\_1\lib\sflow.dir\debug\sflow.tlog\lib-link.write.1.tlog
f:\_1\lib\sflow.dir\debug\sflow.tlog\lib.command.1.tlog
