f:\__temp\ovsdb\debug\ovsdb-client.pdb
f:\__temp\ovsdb\ovsdb-client.dir\debug\ovsdb-client.obj
f:\__temp\ovsdb\cmakefiles\generate.stamp
f:\__temp\ovsdb\debug\ovsdb-client.ilk
f:\__temp\ovsdb\debug\ovsdb-client.exe
f:\__temp\ovsdb\debug\ovsdb-client.lib
f:\__temp\ovsdb\debug\ovsdb-client.exp
f:\_1\ovsdb\ovsdb-client.dir\debug\ovsdb-client.obj
f:\_1\ovsdb\debug\ovsdb-client.pdb
f:\_1\ovsdb\debug\ovsdb-client.exe
f:\_1\ovsdb\debug\ovsdb-client.ilk
f:\_1\ovsdb\ovsdb-client.dir\debug\ovsdb-client.tlog\cl.command.1.tlog
f:\_1\ovsdb\ovsdb-client.dir\debug\ovsdb-client.tlog\cl.read.1.tlog
f:\_1\ovsdb\ovsdb-client.dir\debug\ovsdb-client.tlog\cl.write.1.tlog
f:\_1\ovsdb\ovsdb-client.dir\debug\ovsdb-client.tlog\custombuild.command.1.tlog
f:\_1\ovsdb\ovsdb-client.dir\debug\ovsdb-client.tlog\custombuild.read.1.tlog
f:\_1\ovsdb\ovsdb-client.dir\debug\ovsdb-client.tlog\custombuild.write.1.tlog
f:\_1\ovsdb\ovsdb-client.dir\debug\ovsdb-client.tlog\link.command.1.tlog
f:\_1\ovsdb\ovsdb-client.dir\debug\ovsdb-client.tlog\link.read.1.tlog
f:\_1\ovsdb\ovsdb-client.dir\debug\ovsdb-client.tlog\link.write.1.tlog
f:\_1\ovsdb\ovsdb-client.dir\debug\ovsdb-client.tlog\ovsdb-client.write.1u.tlog
