f:\__temp\ofproto\debug\ofproto.pdb
f:\__temp\ofproto\ofproto.dir\debug\pktbuf.obj
f:\__temp\ofproto\ofproto.dir\debug\pinsched.obj
f:\__temp\ofproto\ofproto.dir\debug\ofproto.obj
f:\__temp\ofproto\ofproto.dir\debug\ofproto-dpif-sflow.obj
f:\__temp\ofproto\ofproto.dir\debug\ofproto-dpif.obj
f:\__temp\ofproto\ofproto.dir\debug\ofproto-dpif-governor.obj
f:\__temp\ofproto\ofproto.dir\debug\netflow.obj
f:\__temp\ofproto\ofproto.dir\debug\names.obj
f:\__temp\ofproto\ofproto.dir\debug\in-band.obj
f:\__temp\ofproto\ofproto.dir\debug\fail-open.obj
f:\__temp\ofproto\ofproto.dir\debug\connmgr.obj
f:\__temp\ofproto\ofproto.dir\debug\collectors.obj
f:\__temp\ofproto\cmakefiles\generate.stamp
f:\__temp\ofproto\debug\ofproto.lib
f:\_1\ofproto\ofproto.dir\debug\collectors.obj
f:\_1\ofproto\ofproto.dir\debug\connmgr.obj
f:\_1\ofproto\ofproto.dir\debug\fail-open.obj
f:\_1\ofproto\ofproto.dir\debug\in-band.obj
f:\_1\ofproto\ofproto.dir\debug\names.obj
f:\_1\ofproto\ofproto.dir\debug\netflow.obj
f:\_1\ofproto\ofproto.dir\debug\ofproto-dpif-governor.obj
f:\_1\ofproto\ofproto.dir\debug\ofproto-dpif-sflow.obj
f:\_1\ofproto\ofproto.dir\debug\ofproto-dpif.obj
f:\_1\ofproto\ofproto.dir\debug\ofproto.obj
f:\_1\ofproto\ofproto.dir\debug\pinsched.obj
f:\_1\ofproto\ofproto.dir\debug\pktbuf.obj
f:\_1\ofproto\debug\ofproto.pdb
f:\_1\ofproto\debug\ofproto.lib
f:\_1\ofproto\ofproto.dir\debug\ofproto.tlog\cl.command.1.tlog
f:\_1\ofproto\ofproto.dir\debug\ofproto.tlog\cl.read.1.tlog
f:\_1\ofproto\ofproto.dir\debug\ofproto.tlog\cl.write.1.tlog
f:\_1\ofproto\ofproto.dir\debug\ofproto.tlog\custombuild.command.1.tlog
f:\_1\ofproto\ofproto.dir\debug\ofproto.tlog\custombuild.read.1.tlog
f:\_1\ofproto\ofproto.dir\debug\ofproto.tlog\custombuild.write.1.tlog
f:\_1\ofproto\ofproto.dir\debug\ofproto.tlog\lib-link.read.1.tlog
f:\_1\ofproto\ofproto.dir\debug\ofproto.tlog\lib-link.write.1.tlog
f:\_1\ofproto\ofproto.dir\debug\ofproto.tlog\lib.command.1.tlog
