f:\__temp\ovsdb\debug\ovsdb-server.pdb
f:\__temp\ovsdb\ovsdb-server.dir\debug\ovsdb-server.obj
f:\__temp\ovsdb\cmakefiles\generate.stamp
f:\__temp\ovsdb\debug\ovsdb-server.ilk
f:\__temp\ovsdb\debug\ovsdb-server.exe
f:\__temp\ovsdb\debug\ovsdb-server.lib
f:\__temp\ovsdb\debug\ovsdb-server.exp
f:\_1\ovsdb\ovsdb-server.dir\debug\ovsdb-server.obj
f:\_1\ovsdb\debug\ovsdb-server.pdb
f:\_1\ovsdb\debug\ovsdb-server.exe
f:\_1\ovsdb\debug\ovsdb-server.ilk
f:\_1\ovsdb\ovsdb-server.dir\debug\ovsdb-server.tlog\cl.command.1.tlog
f:\_1\ovsdb\ovsdb-server.dir\debug\ovsdb-server.tlog\cl.read.1.tlog
f:\_1\ovsdb\ovsdb-server.dir\debug\ovsdb-server.tlog\cl.write.1.tlog
f:\_1\ovsdb\ovsdb-server.dir\debug\ovsdb-server.tlog\custombuild.command.1.tlog
f:\_1\ovsdb\ovsdb-server.dir\debug\ovsdb-server.tlog\custombuild.read.1.tlog
f:\_1\ovsdb\ovsdb-server.dir\debug\ovsdb-server.tlog\custombuild.write.1.tlog
f:\_1\ovsdb\ovsdb-server.dir\debug\ovsdb-server.tlog\link.command.1.tlog
f:\_1\ovsdb\ovsdb-server.dir\debug\ovsdb-server.tlog\link.read.1.tlog
f:\_1\ovsdb\ovsdb-server.dir\debug\ovsdb-server.tlog\link.write.1.tlog
f:\_1\ovsdb\ovsdb-server.dir\debug\ovsdb-server.tlog\ovsdb-server.write.1u.tlog
