f:\__temp\utilities\debug\ovs-ofctl.pdb
f:\__temp\utilities\ovs-ofctl.dir\debug\ovs-ofctl.obj
f:\__temp\utilities\cmakefiles\generate.stamp
f:\__temp\utilities\debug\ovs-ofctl.ilk
f:\__temp\utilities\debug\ovs-ofctl.exe
f:\__temp\utilities\debug\ovs-ofctl.lib
f:\__temp\utilities\debug\ovs-ofctl.exp
f:\_1\utilities\ovs-ofctl.dir\debug\ovs-ofctl.obj
f:\_1\utilities\debug\ovs-ofctl.pdb
f:\_1\utilities\debug\ovs-ofctl.exe
f:\_1\utilities\debug\ovs-ofctl.ilk
f:\_1\utilities\ovs-ofctl.dir\debug\ovs-ofctl.tlog\cl.command.1.tlog
f:\_1\utilities\ovs-ofctl.dir\debug\ovs-ofctl.tlog\cl.read.1.tlog
f:\_1\utilities\ovs-ofctl.dir\debug\ovs-ofctl.tlog\cl.write.1.tlog
f:\_1\utilities\ovs-ofctl.dir\debug\ovs-ofctl.tlog\custombuild.command.1.tlog
f:\_1\utilities\ovs-ofctl.dir\debug\ovs-ofctl.tlog\custombuild.read.1.tlog
f:\_1\utilities\ovs-ofctl.dir\debug\ovs-ofctl.tlog\custombuild.write.1.tlog
f:\_1\utilities\ovs-ofctl.dir\debug\ovs-ofctl.tlog\link.command.1.tlog
f:\_1\utilities\ovs-ofctl.dir\debug\ovs-ofctl.tlog\link.read.1.tlog
f:\_1\utilities\ovs-ofctl.dir\debug\ovs-ofctl.tlog\link.write.1.tlog
f:\_1\utilities\ovs-ofctl.dir\debug\ovs-ofctl.tlog\ovs-ofctl.write.1u.tlog
