f:\__temp\lib\debug\openvswitch.pdb
f:\__temp\lib\openvswitch.dir\debug\dynamic-string.obj
f:\__temp\lib\openvswitch.dir\debug\dummy.obj
f:\__temp\lib\openvswitch.dir\debug\dpif.obj
f:\__temp\lib\openvswitch.dir\debug\dpif-netdev.obj
f:\__temp\lib\openvswitch.dir\debug\dpif-linux.obj
f:\__temp\lib\openvswitch.dir\debug\daemon.obj
f:\__temp\lib\openvswitch.dir\debug\csum.obj
f:\__temp\lib\openvswitch.dir\debug\coverage.obj
f:\__temp\lib\openvswitch.dir\debug\command-line.obj
f:\__temp\lib\openvswitch.dir\debug\classifier.obj
f:\__temp\lib\openvswitch.dir\debug\cfm.obj
f:\__temp\lib\openvswitch.dir\debug\byteq.obj
f:\__temp\lib\openvswitch.dir\debug\bundle.obj
f:\__temp\lib\openvswitch.dir\debug\bond.obj
f:\__temp\lib\openvswitch.dir\debug\bitmap.obj
f:\__temp\lib\openvswitch.dir\debug\backtrace.obj
f:\__temp\lib\openvswitch.dir\debug\autopath.obj
f:\__temp\lib\openvswitch.dir\debug\aes128.obj
f:\__temp\lib\openvswitch.dir\debug\dirs.obj
f:\__temp\lib\openvswitch.dir\debug\dhparams.obj
f:\__temp\lib\openvswitch.dir\debug\multipath.obj
f:\__temp\lib\openvswitch.dir\debug\meta-flow.obj
f:\__temp\lib\openvswitch.dir\debug\memory.obj
f:\__temp\lib\openvswitch.dir\debug\match.obj
f:\__temp\lib\openvswitch.dir\debug\mac-learning.obj
f:\__temp\lib\openvswitch.dir\debug\lockfile.obj
f:\__temp\lib\openvswitch.dir\debug\list.obj
f:\__temp\lib\openvswitch.dir\debug\learning-switch.obj
f:\__temp\lib\openvswitch.dir\debug\learn.obj
f:\__temp\lib\openvswitch.dir\debug\leak-checker.obj
f:\__temp\lib\openvswitch.dir\debug\lacp.obj
f:\__temp\lib\openvswitch.dir\debug\jsonrpc.obj
f:\__temp\lib\openvswitch.dir\debug\json.obj
f:\__temp\lib\openvswitch.dir\debug\hmapx.obj
f:\__temp\lib\openvswitch.dir\debug\hmap.obj
f:\__temp\lib\openvswitch.dir\debug\heap.obj
f:\__temp\lib\openvswitch.dir\debug\hash.obj
f:\__temp\lib\openvswitch.dir\debug\flow.obj
f:\__temp\lib\openvswitch.dir\debug\fatal-signal.obj
f:\__temp\lib\openvswitch.dir\debug\entropy.obj
f:\__temp\lib\openvswitch.dir\debug\ovsdb-parser.obj
f:\__temp\lib\openvswitch.dir\debug\ovsdb-idl.obj
f:\__temp\lib\openvswitch.dir\debug\ovsdb-error.obj
f:\__temp\lib\openvswitch.dir\debug\ovsdb-data.obj
f:\__temp\lib\openvswitch.dir\debug\ofpbuf.obj
f:\__temp\lib\openvswitch.dir\debug\ofp-util.obj
f:\__temp\lib\openvswitch.dir\debug\ofp-print.obj
f:\__temp\lib\openvswitch.dir\debug\ofp-parse.obj
f:\__temp\lib\openvswitch.dir\debug\ofp-msgs.obj
f:\__temp\lib\openvswitch.dir\debug\ofp-errors.obj
f:\__temp\lib\openvswitch.dir\debug\ofp-actions.obj
f:\__temp\lib\openvswitch.dir\debug\odp-util.obj
f:\__temp\lib\openvswitch.dir\debug\nx-match.obj
f:\__temp\lib\openvswitch.dir\debug\netlink.obj
f:\__temp\lib\openvswitch.dir\debug\netlink-socket.obj
f:\__temp\lib\openvswitch.dir\debug\netlink-notifier.obj
f:\__temp\lib\openvswitch.dir\debug\netdev.obj
f:\__temp\lib\openvswitch.dir\debug\netdev-vport.obj
f:\__temp\lib\openvswitch.dir\debug\netdev-linux.obj
f:\__temp\lib\openvswitch.dir\debug\netdev-dummy.obj
f:\__temp\lib\openvswitch.dir\debug\stream-fd.obj
f:\__temp\lib\openvswitch.dir\debug\stp.obj
f:\__temp\lib\openvswitch.dir\debug\sset.obj
f:\__temp\lib\openvswitch.dir\debug\sort.obj
f:\__temp\lib\openvswitch.dir\debug\socket-util.obj
f:\__temp\lib\openvswitch.dir\debug\smap.obj
f:\__temp\lib\openvswitch.dir\debug\simap.obj
f:\__temp\lib\openvswitch.dir\debug\signals.obj
f:\__temp\lib\openvswitch.dir\debug\shash.obj
f:\__temp\lib\openvswitch.dir\debug\sha1.obj
f:\__temp\lib\openvswitch.dir\debug\rtnetlink-link.obj
f:\__temp\lib\openvswitch.dir\debug\route-table.obj
f:\__temp\lib\openvswitch.dir\debug\reconnect.obj
f:\__temp\lib\openvswitch.dir\debug\rconn.obj
f:\__temp\lib\openvswitch.dir\debug\random.obj
f:\__temp\lib\openvswitch.dir\debug\process.obj
f:\__temp\lib\openvswitch.dir\debug\poll-loop.obj
f:\__temp\lib\openvswitch.dir\debug\pcap.obj
f:\__temp\lib\openvswitch.dir\debug\packets.obj
f:\__temp\lib\openvswitch.dir\debug\ovsdb-types.obj
f:\__temp\lib\openvswitch.dir\debug\vlandev.obj
f:\__temp\lib\openvswitch.dir\debug\vlan-bitmap.obj
f:\__temp\lib\openvswitch.dir\debug\vconn.obj
f:\__temp\lib\openvswitch.dir\debug\vconn-stream.obj
f:\__temp\lib\openvswitch.dir\debug\uuid.obj
f:\__temp\lib\openvswitch.dir\debug\util.obj
f:\__temp\lib\openvswitch.dir\debug\unixctl.obj
f:\__temp\lib\openvswitch.dir\debug\unicode.obj
f:\__temp\lib\openvswitch.dir\debug\token-bucket.obj
f:\__temp\lib\openvswitch.dir\debug\timeval.obj
f:\__temp\lib\openvswitch.dir\debug\timer.obj
f:\__temp\lib\openvswitch.dir\debug\tag.obj
f:\__temp\lib\openvswitch.dir\debug\table.obj
f:\__temp\lib\openvswitch.dir\debug\svec.obj
f:\__temp\lib\openvswitch.dir\debug\string.obj
f:\__temp\lib\openvswitch.dir\debug\stress.obj
f:\__temp\lib\openvswitch.dir\debug\stream.obj
f:\__temp\lib\openvswitch.dir\debug\stream-unix.obj
f:\__temp\lib\openvswitch.dir\debug\stream-tcp.obj
f:\__temp\lib\openvswitch.dir\debug\stream-ssl.obj
f:\__temp\lib\openvswitch.dir\debug\worker.obj
f:\__temp\lib\openvswitch.dir\debug\vswitch-idl.obj
f:\__temp\lib\openvswitch.dir\debug\vlog.obj
f:\__temp\lib\cmakefiles\generate.stamp
f:\__temp\lib\debug\openvswitch.lib
f:\_1\lib\openvswitch.dir\debug\aes128.obj
f:\_1\lib\openvswitch.dir\debug\autopath.obj
f:\_1\lib\openvswitch.dir\debug\backtrace.obj
f:\_1\lib\openvswitch.dir\debug\bitmap.obj
f:\_1\lib\openvswitch.dir\debug\bond.obj
f:\_1\lib\openvswitch.dir\debug\bundle.obj
f:\_1\lib\openvswitch.dir\debug\byteq.obj
f:\_1\lib\openvswitch.dir\debug\cfm.obj
f:\_1\lib\openvswitch.dir\debug\classifier.obj
f:\_1\lib\openvswitch.dir\debug\command-line.obj
f:\_1\lib\openvswitch.dir\debug\coverage.obj
f:\_1\lib\openvswitch.dir\debug\csum.obj
f:\_1\lib\openvswitch.dir\debug\daemon.obj
f:\_1\lib\openvswitch.dir\debug\dhparams.obj
f:\_1\lib\openvswitch.dir\debug\dirs.obj
f:\_1\lib\openvswitch.dir\debug\dpif-linux.obj
f:\_1\lib\openvswitch.dir\debug\dpif-netdev.obj
f:\_1\lib\openvswitch.dir\debug\dpif.obj
f:\_1\lib\openvswitch.dir\debug\dummy.obj
f:\_1\lib\openvswitch.dir\debug\dynamic-string.obj
f:\_1\lib\openvswitch.dir\debug\entropy.obj
f:\_1\lib\openvswitch.dir\debug\fatal-signal.obj
f:\_1\lib\openvswitch.dir\debug\flow.obj
f:\_1\lib\openvswitch.dir\debug\hash.obj
f:\_1\lib\openvswitch.dir\debug\heap.obj
f:\_1\lib\openvswitch.dir\debug\hmap.obj
f:\_1\lib\openvswitch.dir\debug\hmapx.obj
f:\_1\lib\openvswitch.dir\debug\json.obj
f:\_1\lib\openvswitch.dir\debug\jsonrpc.obj
f:\_1\lib\openvswitch.dir\debug\lacp.obj
f:\_1\lib\openvswitch.dir\debug\leak-checker.obj
f:\_1\lib\openvswitch.dir\debug\learn.obj
f:\_1\lib\openvswitch.dir\debug\learning-switch.obj
f:\_1\lib\openvswitch.dir\debug\list.obj
f:\_1\lib\openvswitch.dir\debug\lockfile.obj
f:\_1\lib\openvswitch.dir\debug\mac-learning.obj
f:\_1\lib\openvswitch.dir\debug\match.obj
f:\_1\lib\openvswitch.dir\debug\memory.obj
f:\_1\lib\openvswitch.dir\debug\meta-flow.obj
f:\_1\lib\openvswitch.dir\debug\multipath.obj
f:\_1\lib\openvswitch.dir\debug\netdev-dummy.obj
f:\_1\lib\openvswitch.dir\debug\netdev-linux.obj
f:\_1\lib\openvswitch.dir\debug\netdev-vport.obj
f:\_1\lib\openvswitch.dir\debug\netdev.obj
f:\_1\lib\openvswitch.dir\debug\netlink-notifier.obj
f:\_1\lib\openvswitch.dir\debug\netlink-socket.obj
f:\_1\lib\openvswitch.dir\debug\netlink.obj
f:\_1\lib\openvswitch.dir\debug\nx-match.obj
f:\_1\lib\openvswitch.dir\debug\odp-util.obj
f:\_1\lib\openvswitch.dir\debug\ofp-actions.obj
f:\_1\lib\openvswitch.dir\debug\ofp-errors.obj
f:\_1\lib\openvswitch.dir\debug\ofp-msgs.obj
f:\_1\lib\openvswitch.dir\debug\ofp-parse.obj
f:\_1\lib\openvswitch.dir\debug\ofp-print.obj
f:\_1\lib\openvswitch.dir\debug\ofp-util.obj
f:\_1\lib\openvswitch.dir\debug\ofpbuf.obj
f:\_1\lib\openvswitch.dir\debug\ovsdb-data.obj
f:\_1\lib\openvswitch.dir\debug\ovsdb-error.obj
f:\_1\lib\openvswitch.dir\debug\ovsdb-idl.obj
f:\_1\lib\openvswitch.dir\debug\ovsdb-parser.obj
f:\_1\lib\openvswitch.dir\debug\ovsdb-types.obj
f:\_1\lib\openvswitch.dir\debug\packets.obj
f:\_1\lib\openvswitch.dir\debug\pcap.obj
f:\_1\lib\openvswitch.dir\debug\poll-loop.obj
f:\_1\lib\openvswitch.dir\debug\process.obj
f:\_1\lib\openvswitch.dir\debug\random.obj
f:\_1\lib\openvswitch.dir\debug\rconn.obj
f:\_1\lib\openvswitch.dir\debug\reconnect.obj
f:\_1\lib\openvswitch.dir\debug\route-table.obj
f:\_1\lib\openvswitch.dir\debug\rtnetlink-link.obj
f:\_1\lib\openvswitch.dir\debug\sha1.obj
f:\_1\lib\openvswitch.dir\debug\shash.obj
f:\_1\lib\openvswitch.dir\debug\signals.obj
f:\_1\lib\openvswitch.dir\debug\simap.obj
f:\_1\lib\openvswitch.dir\debug\smap.obj
f:\_1\lib\openvswitch.dir\debug\socket-util.obj
f:\_1\lib\openvswitch.dir\debug\sort.obj
f:\_1\lib\openvswitch.dir\debug\sset.obj
f:\_1\lib\openvswitch.dir\debug\stp.obj
f:\_1\lib\openvswitch.dir\debug\stream-fd.obj
f:\_1\lib\openvswitch.dir\debug\stream-ssl.obj
f:\_1\lib\openvswitch.dir\debug\stream-tcp.obj
f:\_1\lib\openvswitch.dir\debug\stream-unix.obj
f:\_1\lib\openvswitch.dir\debug\stream.obj
f:\_1\lib\openvswitch.dir\debug\stress.obj
f:\_1\lib\openvswitch.dir\debug\string.obj
f:\_1\lib\openvswitch.dir\debug\svec.obj
f:\_1\lib\openvswitch.dir\debug\table.obj
f:\_1\lib\openvswitch.dir\debug\tag.obj
f:\_1\lib\openvswitch.dir\debug\timer.obj
f:\_1\lib\openvswitch.dir\debug\timeval.obj
f:\_1\lib\openvswitch.dir\debug\token-bucket.obj
f:\_1\lib\openvswitch.dir\debug\unicode.obj
f:\_1\lib\openvswitch.dir\debug\unixctl.obj
f:\_1\lib\openvswitch.dir\debug\util.obj
f:\_1\lib\openvswitch.dir\debug\uuid.obj
f:\_1\lib\openvswitch.dir\debug\vconn-stream.obj
f:\_1\lib\openvswitch.dir\debug\vconn.obj
f:\_1\lib\openvswitch.dir\debug\vlan-bitmap.obj
f:\_1\lib\openvswitch.dir\debug\vlandev.obj
f:\_1\lib\openvswitch.dir\debug\vlog.obj
f:\_1\lib\openvswitch.dir\debug\vswitch-idl.obj
f:\_1\lib\openvswitch.dir\debug\worker.obj
f:\_1\lib\debug\openvswitch.pdb
f:\_1\lib\debug\openvswitch.lib
f:\_1\lib\openvswitch.dir\debug\openvswitch.tlog\cl.command.1.tlog
f:\_1\lib\openvswitch.dir\debug\openvswitch.tlog\cl.read.1.tlog
f:\_1\lib\openvswitch.dir\debug\openvswitch.tlog\cl.write.1.tlog
f:\_1\lib\openvswitch.dir\debug\openvswitch.tlog\custombuild.command.1.tlog
f:\_1\lib\openvswitch.dir\debug\openvswitch.tlog\custombuild.read.1.tlog
f:\_1\lib\openvswitch.dir\debug\openvswitch.tlog\custombuild.write.1.tlog
f:\_1\lib\openvswitch.dir\debug\openvswitch.tlog\lib-link.read.1.tlog
f:\_1\lib\openvswitch.dir\debug\openvswitch.tlog\lib-link.write.1.tlog
f:\_1\lib\openvswitch.dir\debug\openvswitch.tlog\lib.command.1.tlog
