f:\__temp\ovsdb\debug\ovsdb-tool.pdb
f:\__temp\ovsdb\ovsdb-tool.dir\debug\ovsdb-tool.obj
f:\__temp\ovsdb\cmakefiles\generate.stamp
f:\__temp\ovsdb\debug\ovsdb-tool.ilk
f:\__temp\ovsdb\debug\ovsdb-tool.exe
f:\__temp\ovsdb\debug\ovsdb-tool.lib
f:\__temp\ovsdb\debug\ovsdb-tool.exp
f:\_1\ovsdb\ovsdb-tool.dir\debug\ovsdb-tool.obj
f:\_1\ovsdb\debug\ovsdb-tool.pdb
f:\_1\ovsdb\debug\ovsdb-tool.exe
f:\_1\ovsdb\debug\ovsdb-tool.ilk
f:\_1\ovsdb\ovsdb-tool.dir\debug\ovsdb-tool.tlog\cl.command.1.tlog
f:\_1\ovsdb\ovsdb-tool.dir\debug\ovsdb-tool.tlog\cl.read.1.tlog
f:\_1\ovsdb\ovsdb-tool.dir\debug\ovsdb-tool.tlog\cl.write.1.tlog
f:\_1\ovsdb\ovsdb-tool.dir\debug\ovsdb-tool.tlog\custombuild.command.1.tlog
f:\_1\ovsdb\ovsdb-tool.dir\debug\ovsdb-tool.tlog\custombuild.read.1.tlog
f:\_1\ovsdb\ovsdb-tool.dir\debug\ovsdb-tool.tlog\custombuild.write.1.tlog
f:\_1\ovsdb\ovsdb-tool.dir\debug\ovsdb-tool.tlog\link.command.1.tlog
f:\_1\ovsdb\ovsdb-tool.dir\debug\ovsdb-tool.tlog\link.read.1.tlog
f:\_1\ovsdb\ovsdb-tool.dir\debug\ovsdb-tool.tlog\link.write.1.tlog
f:\_1\ovsdb\ovsdb-tool.dir\debug\ovsdb-tool.tlog\ovsdb-tool.write.1u.tlog
