f:\__temp\windows\debug\win_api.pdb
f:\__temp\windows\win_api.dir\debug\uio.obj
f:\__temp\windows\win_api.dir\debug\time.obj
f:\__temp\windows\win_api.dir\debug\wait.obj
f:\__temp\windows\win_api.dir\debug\poll.obj
f:\__temp\windows\win_api.dir\debug\resource.obj
f:\__temp\windows\win_api.dir\debug\unistd.obj
f:\__temp\windows\win_api.dir\debug\getopt.obj
f:\__temp\windows\cmakefiles\generate.stamp
f:\__temp\windows\debug\win_api.lib
f:\_1\windows\win_api.dir\debug\getopt.obj
f:\_1\windows\win_api.dir\debug\poll.obj
f:\_1\windows\win_api.dir\debug\resource.obj
f:\_1\windows\win_api.dir\debug\time.obj
f:\_1\windows\win_api.dir\debug\uio.obj
f:\_1\windows\win_api.dir\debug\unistd.obj
f:\_1\windows\win_api.dir\debug\wait.obj
f:\_1\windows\debug\win_api.pdb
f:\_1\windows\debug\win_api.lib
f:\_1\windows\win_api.dir\debug\win_api.tlog\cl.command.1.tlog
f:\_1\windows\win_api.dir\debug\win_api.tlog\cl.read.1.tlog
f:\_1\windows\win_api.dir\debug\win_api.tlog\cl.write.1.tlog
f:\_1\windows\win_api.dir\debug\win_api.tlog\custombuild.command.1.tlog
f:\_1\windows\win_api.dir\debug\win_api.tlog\custombuild.read.1.tlog
f:\_1\windows\win_api.dir\debug\win_api.tlog\custombuild.write.1.tlog
f:\_1\windows\win_api.dir\debug\win_api.tlog\lib-link.read.1.tlog
f:\_1\windows\win_api.dir\debug\win_api.tlog\lib-link.write.1.tlog
f:\_1\windows\win_api.dir\debug\win_api.tlog\lib.command.1.tlog
