f:\__temp\utilities\debug\ovs-openflowd.pdb
f:\__temp\utilities\ovs-openflowd.dir\debug\ovs-openflowd.obj
f:\__temp\utilities\cmakefiles\generate.stamp
f:\__temp\utilities\debug\ovs-openflowd.ilk
f:\__temp\utilities\debug\ovs-openflowd.exe
f:\__temp\utilities\debug\ovs-openflowd.lib
f:\__temp\utilities\debug\ovs-openflowd.exp
f:\_1\utilities\ovs-openflowd.dir\debug\ovs-openflowd.obj
f:\_1\utilities\debug\ovs-openflowd.pdb
f:\_1\utilities\debug\ovs-openflowd.exe
f:\_1\utilities\debug\ovs-openflowd.ilk
f:\_1\utilities\ovs-openflowd.dir\debug\ovs-openflowd.tlog\cl.command.1.tlog
f:\_1\utilities\ovs-openflowd.dir\debug\ovs-openflowd.tlog\cl.read.1.tlog
f:\_1\utilities\ovs-openflowd.dir\debug\ovs-openflowd.tlog\cl.write.1.tlog
f:\_1\utilities\ovs-openflowd.dir\debug\ovs-openflowd.tlog\custombuild.command.1.tlog
f:\_1\utilities\ovs-openflowd.dir\debug\ovs-openflowd.tlog\custombuild.read.1.tlog
f:\_1\utilities\ovs-openflowd.dir\debug\ovs-openflowd.tlog\custombuild.write.1.tlog
f:\_1\utilities\ovs-openflowd.dir\debug\ovs-openflowd.tlog\link.command.1.tlog
f:\_1\utilities\ovs-openflowd.dir\debug\ovs-openflowd.tlog\link.read.1.tlog
f:\_1\utilities\ovs-openflowd.dir\debug\ovs-openflowd.tlog\link.write.1.tlog
f:\_1\utilities\ovs-openflowd.dir\debug\ovs-openflowd.tlog\ovs-openflowd.write.1u.tlog
