f:\__temp\utilities\debug\ovs-appctl.pdb
f:\__temp\utilities\ovs-appctl.dir\debug\ovs-appctl.obj
f:\__temp\utilities\cmakefiles\generate.stamp
f:\__temp\utilities\debug\ovs-appctl.ilk
f:\__temp\utilities\debug\ovs-appctl.exe
f:\__temp\utilities\debug\ovs-appctl.lib
f:\__temp\utilities\debug\ovs-appctl.exp
f:\_1\utilities\ovs-appctl.dir\debug\ovs-appctl.obj
f:\_1\utilities\debug\ovs-appctl.pdb
f:\_1\utilities\debug\ovs-appctl.exe
f:\_1\utilities\debug\ovs-appctl.ilk
f:\_1\utilities\ovs-appctl.dir\debug\ovs-appctl.tlog\cl.command.1.tlog
f:\_1\utilities\ovs-appctl.dir\debug\ovs-appctl.tlog\cl.read.1.tlog
f:\_1\utilities\ovs-appctl.dir\debug\ovs-appctl.tlog\cl.write.1.tlog
f:\_1\utilities\ovs-appctl.dir\debug\ovs-appctl.tlog\custombuild.command.1.tlog
f:\_1\utilities\ovs-appctl.dir\debug\ovs-appctl.tlog\custombuild.read.1.tlog
f:\_1\utilities\ovs-appctl.dir\debug\ovs-appctl.tlog\custombuild.write.1.tlog
f:\_1\utilities\ovs-appctl.dir\debug\ovs-appctl.tlog\link.command.1.tlog
f:\_1\utilities\ovs-appctl.dir\debug\ovs-appctl.tlog\link.read.1.tlog
f:\_1\utilities\ovs-appctl.dir\debug\ovs-appctl.tlog\link.write.1.tlog
f:\_1\utilities\ovs-appctl.dir\debug\ovs-appctl.tlog\ovs-appctl.write.1u.tlog
