f:\__temp\utilities\debug\ovs-controller.pdb
f:\__temp\utilities\ovs-controller.dir\debug\ovs-controller.obj
f:\__temp\utilities\cmakefiles\generate.stamp
f:\__temp\utilities\debug\ovs-controller.ilk
f:\__temp\utilities\debug\ovs-controller.exe
f:\__temp\utilities\debug\ovs-controller.lib
f:\__temp\utilities\debug\ovs-controller.exp
f:\_1\utilities\ovs-controller.dir\debug\ovs-controller.obj
f:\_1\utilities\debug\ovs-controller.pdb
f:\_1\utilities\debug\ovs-controller.exe
f:\_1\utilities\debug\ovs-controller.ilk
f:\_1\utilities\ovs-controller.dir\debug\ovs-controller.tlog\cl.command.1.tlog
f:\_1\utilities\ovs-controller.dir\debug\ovs-controller.tlog\cl.read.1.tlog
f:\_1\utilities\ovs-controller.dir\debug\ovs-controller.tlog\cl.write.1.tlog
f:\_1\utilities\ovs-controller.dir\debug\ovs-controller.tlog\custombuild.command.1.tlog
f:\_1\utilities\ovs-controller.dir\debug\ovs-controller.tlog\custombuild.read.1.tlog
f:\_1\utilities\ovs-controller.dir\debug\ovs-controller.tlog\custombuild.write.1.tlog
f:\_1\utilities\ovs-controller.dir\debug\ovs-controller.tlog\link.command.1.tlog
f:\_1\utilities\ovs-controller.dir\debug\ovs-controller.tlog\link.read.1.tlog
f:\_1\utilities\ovs-controller.dir\debug\ovs-controller.tlog\link.write.1.tlog
f:\_1\utilities\ovs-controller.dir\debug\ovs-controller.tlog\ovs-controller.write.1u.tlog
