f:\__temp\utilities\debug\ovs-vsctl.pdb
f:\__temp\utilities\ovs-vsctl.dir\debug\ovs-vsctl.obj
f:\__temp\utilities\cmakefiles\generate.stamp
f:\__temp\utilities\debug\ovs-vsctl.ilk
f:\__temp\utilities\debug\ovs-vsctl.exe
f:\__temp\utilities\debug\ovs-vsctl.lib
f:\__temp\utilities\debug\ovs-vsctl.exp
f:\_1\utilities\ovs-vsctl.dir\debug\ovs-vsctl.obj
f:\_1\utilities\debug\ovs-vsctl.pdb
f:\_1\utilities\debug\ovs-vsctl.exe
f:\_1\utilities\debug\ovs-vsctl.ilk
f:\_1\utilities\ovs-vsctl.dir\debug\ovs-vsctl.tlog\cl.command.1.tlog
f:\_1\utilities\ovs-vsctl.dir\debug\ovs-vsctl.tlog\cl.read.1.tlog
f:\_1\utilities\ovs-vsctl.dir\debug\ovs-vsctl.tlog\cl.write.1.tlog
f:\_1\utilities\ovs-vsctl.dir\debug\ovs-vsctl.tlog\custombuild.command.1.tlog
f:\_1\utilities\ovs-vsctl.dir\debug\ovs-vsctl.tlog\custombuild.read.1.tlog
f:\_1\utilities\ovs-vsctl.dir\debug\ovs-vsctl.tlog\custombuild.write.1.tlog
f:\_1\utilities\ovs-vsctl.dir\debug\ovs-vsctl.tlog\link.command.1.tlog
f:\_1\utilities\ovs-vsctl.dir\debug\ovs-vsctl.tlog\link.read.1.tlog
f:\_1\utilities\ovs-vsctl.dir\debug\ovs-vsctl.tlog\link.write.1.tlog
f:\_1\utilities\ovs-vsctl.dir\debug\ovs-vsctl.tlog\ovs-vsctl.write.1u.tlog
